<?xml version="1.0" encoding="UTF-8"?>
<testsuite xmlns:xsi="http://www.w3.org/2001/XMLSchema-instance" xsi:noNamespaceSchemaLocation="https://maven.apache.org/surefire/maven-surefire-plugin/xsd/surefire-test-report-3.0.xsd" version="3.0" name="nhom12.oop14.AppTest" time="0.368" tests="3" errors="0" skipped="0" failures="0">
  <properties>
[...]
</properties>
  <testcase name="testAppInitialization" classname="nhom12.oop14.AppTest" time="0.321">
    <system-out><![CDATA[Khởi tạo ứng dụng thành công.
]]></system-out>
  </testcase>
  <testcase name="testUserLoginValidation" classname="nhom12.oop14.AppTest" time="0.015">
    <system-out><![CDATA[Kiểm tra đăng nhập với tài khoản hợp lệ: Thành công
Kiểm tra đăng nhập với tài khoản không hợp lệ: Thất bại
]]></system-out>
  </testcase>
  <testcase name="testBasicAppSetup" classname="nhom12.oop14.AppTest" time="0.013">
    <system-out><![CDATA[Kiểm thử ứng dụng cơ bản thành công.
]]></system-out>
  </testcase>
</testsuite>